<?xml version="1.0" encoding="UTF-8"?>
<!-- Generated by org.testng.reporters.JUnitXMLReporter -->
<testsuite ignored="0" hostname="PUN-LAP-BOTCHA" failures="0" tests="32" name="Test1" time="133.288" errors="0" timestamp="2023-01-03T15:28:03 IST">
  <testcase classname="StepDefinition.bookingClass" name="browser_is_open" time="11.137"/>
  <testcase classname="StepDefinition.bookingClass" name="click_on_flights" time="6.828"/>
  <testcase classname="StepDefinition.bookingClass" name="click_on_one_way" time="3.143"/>
  <testcase classname="StepDefinition.bookingClass" name="click_on_from" time="3.214"/>
  <testcase classname="StepDefinition.bookingClass" name="user_enter_location_in_serch_field" time="3.108"/>
  <testcase classname="StepDefinition.bookingClass" name="select_the_from_location" time="1.171"/>
  <testcase classname="StepDefinition.bookingClass" name="click_on_to" time="3.198"/>
  <testcase classname="StepDefinition.bookingClass" name="user_enter_location_into_search_field" time="3.125"/>
  <testcase classname="StepDefinition.bookingClass" name="select_the_to_location" time="3.168"/>
  <testcase classname="StepDefinition.bookingClass" name="select_departure_date" time="3.122"/>
  <testcase classname="StepDefinition.bookingClass" name="click_on_travellers_class" time="3.128"/>
  <testcase classname="StepDefinition.bookingClass" name="select_passengers" time="3.143"/>
  <testcase classname="StepDefinition.bookingClass" name="click_on_apply" time="3.138"/>
  <testcase classname="StepDefinition.bookingClass" name="click_on_search" time="5.765"/>
  <testcase classname="StepDefinition.bookingClass" name="click_on_ok_got_it" time="5.18"/>
  <testcase classname="StepDefinition.bookingClass" name="click_on_view_prices" time="4.473"/>
  <testcase classname="StepDefinition.bookingClass" name="click_on_first_book_now" time="5.202"/>
  <testcase classname="StepDefinition.bookingClass" name="navigate_to_child_window" time="6.124"/>
  <testcase classname="StepDefinition.bookingClass" name="click_on_yes_secure_my_trip_radio_button" time="6.268"/>
  <testcase classname="StepDefinition.bookingClass" name="click_on_add_new_adult" time="3.166"/>
  <testcase classname="StepDefinition.bookingClass" name="enter_first_name" time="3.149"/>
  <testcase classname="StepDefinition.bookingClass" name="enter_last_name" time="3.115"/>
  <testcase classname="StepDefinition.bookingClass" name="select_gender" time="6.382"/>
  <testcase classname="StepDefinition.bookingClass" name="enter_phone_number" time="3.208"/>
  <testcase classname="StepDefinition.bookingClass" name="enter_email" time="6.479"/>
  <testcase classname="StepDefinition.bookingClass" name="click_on_continue" time="3.196"/>
  <testcase classname="StepDefinition.bookingClass" name="click_on_confirm_button_in_popup" time="3.313"/>
  <testcase classname="StepDefinition.bookingClass" name="click_on_yes_please_button" time="3.391"/>
  <testcase classname="StepDefinition.bookingClass" name="click_on_contiue_button" time="3.393"/>
  <testcase classname="StepDefinition.bookingClass" name="click_on_food_continue_button" time="3.263"/>
  <testcase classname="StepDefinition.bookingClass" name="click_on_continue_anyway" time="3.371"/>
  <testcase classname="StepDefinition.bookingClass" name="click_on_proceed_to_pay" time="4.082"/>
</testsuite> <!-- Test1 -->
